<?xml version="1.0" encoding="UTF-8"?>
<testsuite xmlns:xsi="http://www.w3.org/2001/XMLSchema-instance" xsi:noNamespaceSchemaLocation="https://maven.apache.org/surefire/maven-surefire-plugin/xsd/surefire-test-report.xsd" name="dao.TaskDaoTest" time="1.694" tests="8" errors="0" skipped="0" failures="0">
  <properties>
[...]
</properties>
  <testcase name="testFindAllReturnsAllTasks" classname="dao.TaskDaoTest" time="0.167"/>
  <testcase name="testFinishSetsCorrectFlagInDb" classname="dao.TaskDaoTest" time="0.033"/>
  <testcase name="deleteByIdDeletesOnlyNecessaryData" classname="dao.TaskDaoTest" time="0.05"/>
  <testcase name="testFindNotFinishedReturnsCorrectTasks" classname="dao.TaskDaoTest" time="0.048"/>
  <testcase name="testDeleteAllDeletesAllRowsInTasks" classname="dao.TaskDaoTest" time="0.031"/>
  <testcase name="testFindNewestTasksReturnsCorrectTasks" classname="dao.TaskDaoTest" time="0.037"/>
  <testcase name="testSaveSetsId" classname="dao.TaskDaoTest" time="0.013"/>
  <testcase name="testGetByIdReturnsCorrectTask" classname="dao.TaskDaoTest" time="0.018"/>
</testsuite>